<?xml version="1.0" encoding="UTF-8"?>
<testsuite name="com.thruhiker.SampleRouteFlyoverTest" tests="2" skipped="0" failures="0" errors="0" timestamp="2026-09-18T12:54:59.605Z" hostname="codespaces-acf759" time="0.723">
  <properties/>
  <testcase name="the reveal keeps up with the camera and stops at the gap" classname="com.thruhiker.SampleRouteFlyoverTest" time="0.646"/>
  <testcase name="the sample route flies without the camera jumping" classname="com.thruhiker.SampleRouteFlyoverTest" time="0.076"/>
  <system-out><![CDATA[]]></system-out>
  <system-err><![CDATA[]]></system-err>
</testsuite>
