<?xml version="1.0" encoding="UTF-8"?>
<testsuite name="com.thruhiker.core.mapping.MapTileLodTest" tests="2" skipped="0" failures="0" errors="0" timestamp="2026-09-18T09:47:02.942Z" hostname="codespaces-acf759" time="0.004">
  <properties/>
  <testcase name="the cinematic tilt stays well below the lod threshold" classname="com.thruhiker.core.mapping.MapTileLodTest" time="0.004"/>
  <testcase name="tile lod reduction is disabled rather than made conditional" classname="com.thruhiker.core.mapping.MapTileLodTest" time="0.0"/>
  <system-out><![CDATA[]]></system-out>
  <system-err><![CDATA[]]></system-err>
</testsuite>
